<?xml version="1.0" encoding="UTF-8" ?>
<testsuite tests="29" failures="0" name="mx.unam.ciencias.icc.test.TestLista" time="0.203" errors="0" skipped="0">
  <properties>
    <property name="java.runtime.name" value="Java(TM) SE Runtime Environment"/>
    <property name="sun.boot.library.path" value="/usr/lib/jvm/java-8-oracle/jre/lib/amd64"/>
    <property name="java.vm.version" value="25.201-b09"/>
    <property name="java.vm.vendor" value="Oracle Corporation"/>
    <property name="maven.multiModuleProjectDirectory" value="/home/diego/Documents/github/practicasICC/practica10"/>
    <property name="java.vendor.url" value="http://java.oracle.com/"/>
    <property name="path.separator" value=":"/>
    <property name="guice.disable.misplaced.annotation.check" value="true"/>
    <property name="java.vm.name" value="Java HotSpot(TM) 64-Bit Server VM"/>
    <property name="file.encoding.pkg" value="sun.io"/>
    <property name="user.country" value="US"/>
    <property name="sun.java.launcher" value="SUN_STANDARD"/>
    <property name="sun.os.patch.level" value="unknown"/>
    <property name="java.vm.specification.name" value="Java Virtual Machine Specification"/>
    <property name="user.dir" value="/home/diego/Documents/github/practicasICC/practica10"/>
    <property name="java.runtime.version" value="1.8.0_201-b09"/>
    <property name="java.awt.graphicsenv" value="sun.awt.X11GraphicsEnvironment"/>
    <property name="java.endorsed.dirs" value="/usr/lib/jvm/java-8-oracle/jre/lib/endorsed"/>
    <property name="os.arch" value="amd64"/>
    <property name="java.io.tmpdir" value="/tmp"/>
    <property name="line.separator" value="
"/>
    <property name="java.vm.specification.vendor" value="Oracle Corporation"/>
    <property name="os.name" value="Linux"/>
    <property name="classworlds.conf" value="/usr/share/maven/bin/m2.conf"/>
    <property name="sun.jnu.encoding" value="UTF-8"/>
    <property name="java.library.path" value="/usr/java/packages/lib/amd64:/usr/lib64:/lib64:/lib:/usr/lib"/>
    <property name="maven.conf" value="/usr/share/maven/conf"/>
    <property name="java.specification.name" value="Java Platform API Specification"/>
    <property name="java.class.version" value="52.0"/>
    <property name="sun.management.compiler" value="HotSpot 64-Bit Tiered Compilers"/>
    <property name="os.version" value="4.15.0-51-generic"/>
    <property name="library.jansi.path" value="/usr/share/maven/lib/jansi-native"/>
    <property name="user.home" value="/home/diego"/>
    <property name="user.timezone" value="America/Mexico_City"/>
    <property name="java.awt.printerjob" value="sun.print.PSPrinterJob"/>
    <property name="java.specification.version" value="1.8"/>
    <property name="file.encoding" value="UTF-8"/>
    <property name="user.name" value="diego"/>
    <property name="java.class.path" value="/usr/share/maven/boot/plexus-classworlds-2.x.jar"/>
    <property name="java.vm.specification.version" value="1.8"/>
    <property name="sun.arch.data.model" value="64"/>
    <property name="java.home" value="/usr/lib/jvm/java-8-oracle/jre"/>
    <property name="sun.java.command" value="org.codehaus.plexus.classworlds.launcher.Launcher test"/>
    <property name="java.specification.vendor" value="Oracle Corporation"/>
    <property name="user.language" value="en"/>
    <property name="awt.toolkit" value="sun.awt.X11.XToolkit"/>
    <property name="java.vm.info" value="mixed mode"/>
    <property name="java.version" value="1.8.0_201"/>
    <property name="java.ext.dirs" value="/usr/lib/jvm/java-8-oracle/jre/lib/ext:/usr/java/packages/lib/ext"/>
    <property name="securerandom.source" value="file:/dev/./urandom"/>
    <property name="sun.boot.class.path" value="/usr/lib/jvm/java-8-oracle/jre/lib/resources.jar:/usr/lib/jvm/java-8-oracle/jre/lib/rt.jar:/usr/lib/jvm/java-8-oracle/jre/lib/sunrsasign.jar:/usr/lib/jvm/java-8-oracle/jre/lib/jsse.jar:/usr/lib/jvm/java-8-oracle/jre/lib/jce.jar:/usr/lib/jvm/java-8-oracle/jre/lib/charsets.jar:/usr/lib/jvm/java-8-oracle/jre/lib/jfr.jar:/usr/lib/jvm/java-8-oracle/jre/classes"/>
    <property name="java.vendor" value="Oracle Corporation"/>
    <property name="maven.home" value="/usr/share/maven"/>
    <property name="file.separator" value="/"/>
    <property name="java.vendor.url.bug" value="http://bugreport.sun.com/bugreport/"/>
    <property name="sun.cpu.endian" value="little"/>
    <property name="sun.io.unicode.encoding" value="UnicodeLittle"/>
    <property name="sun.desktop" value="gnome"/>
    <property name="sun.cpu.isalist" value=""/>
  </properties>
  <testcase classname="mx.unam.ciencias.icc.test.TestLista" name="testAgregaFinal" time="0.016"/>
  <testcase classname="mx.unam.ciencias.icc.test.TestLista" name="testElimina" time="0.009"/>
  <testcase classname="mx.unam.ciencias.icc.test.TestLista" name="testMergeSort" time="0.013"/>
  <testcase classname="mx.unam.ciencias.icc.test.TestLista" name="testEsVacia" time="0.002"/>
  <testcase classname="mx.unam.ciencias.icc.test.TestLista" name="testEliminaPrimero" time="0.007"/>
  <testcase classname="mx.unam.ciencias.icc.test.TestLista" name="testIteradorHasNext" time="0.001"/>
  <testcase classname="mx.unam.ciencias.icc.test.TestLista" name="testBusquedaLineal" time="0.006"/>
  <testcase classname="mx.unam.ciencias.icc.test.TestLista" name="testGet" time="0.004"/>
  <testcase classname="mx.unam.ciencias.icc.test.TestLista" name="testAgregaInicio" time="0.003"/>
  <testcase classname="mx.unam.ciencias.icc.test.TestLista" name="testCopia" time="0.002"/>
  <testcase classname="mx.unam.ciencias.icc.test.TestLista" name="testToString" time="0.004"/>
  <testcase classname="mx.unam.ciencias.icc.test.TestLista" name="testIteradorStart" time="0.002"/>
  <testcase classname="mx.unam.ciencias.icc.test.TestLista" name="testGetLongitud" time="0.007"/>
  <testcase classname="mx.unam.ciencias.icc.test.TestLista" name="testEliminaUltimo" time="0.015"/>
  <testcase classname="mx.unam.ciencias.icc.test.TestLista" name="testGetPrimero" time="0.007"/>
  <testcase classname="mx.unam.ciencias.icc.test.TestLista" name="testContiene" time="0.001"/>
  <testcase classname="mx.unam.ciencias.icc.test.TestLista" name="testIteradorNext" time="0.005"/>
  <testcase classname="mx.unam.ciencias.icc.test.TestLista" name="testIteradorPrevious" time="0.002"/>
  <testcase classname="mx.unam.ciencias.icc.test.TestLista" name="testIteradorEnd" time="0.008"/>
  <testcase classname="mx.unam.ciencias.icc.test.TestLista" name="testBusquedaLinealLista" time="0.006"/>
  <testcase classname="mx.unam.ciencias.icc.test.TestLista" name="testMergeSortLista" time="0.011"/>
  <testcase classname="mx.unam.ciencias.icc.test.TestLista" name="testReversa" time="0.01"/>
  <testcase classname="mx.unam.ciencias.icc.test.TestLista" name="testIteradorHasPrevious" time="0.002"/>
  <testcase classname="mx.unam.ciencias.icc.test.TestLista" name="testIndiceDe" time="0.005"/>
  <testcase classname="mx.unam.ciencias.icc.test.TestLista" name="testEquals" time="0.009"/>
  <testcase classname="mx.unam.ciencias.icc.test.TestLista" name="testLimpia" time="0.007"/>
  <testcase classname="mx.unam.ciencias.icc.test.TestLista" name="testGetUltimo" time="0.004"/>
  <testcase classname="mx.unam.ciencias.icc.test.TestLista" name="testInserta" time="0.025"/>
  <testcase classname="mx.unam.ciencias.icc.test.TestLista" name="testConstructor" time="0.01"/>
</testsuite>